<?xml version="1.0" encoding="UTF-8"?>
<!-- Generated by org.testng.reporters.JUnitReportReporter -->
<testsuite hostname="pensionbox-pradeep-VivoBook-ASUSLaptop-M1603QA-M1603QA" failures="0" tests="1" name="testScripts.Login" time="4.329" errors="0" timestamp="2024-03-21T15:24:23 IST" skipped="0">
  <testcase classname="testScripts.Login" name="login" time="4.329"/>
  <system-out>
    <![CDATA[Opening the Browser
Opening the Browser
Opening the Browser
Closing the Browser
Opening the Browser
Closing the Browser
Opening the Browser]]>
  </system-out>
</testsuite> <!-- testScripts.Login -->
