<?xml version="1.0" encoding="UTF-8"?>
<!-- Generated by org.testng.reporters.JUnitReportReporter -->
<testsuite hostname="pensionbox-pradeep-VivoBook-ASUSLaptop-M1603QA-M1603QA" failures="0" tests="1" name="TestNGCheck" time="1.382" errors="0" timestamp="2024-03-15T00:46:03 IST" skipped="0">
  <testcase classname="TestNGCheck" name="Sample1" time="1.382"/>
  <system-out/>
</testsuite> <!-- TestNGCheck -->
